c:\users\copperfield\documents\visual studio 2015\projects\licensplates\x64\debug\vc140.pdb
c:\users\copperfield\documents\visual studio 2015\projects\licensplates\x64\debug\vc140.idb
c:\users\copperfield\documents\visual studio 2015\projects\licensplates\x64\debug\charcandidate.obj
c:\users\copperfield\documents\visual studio 2015\projects\licensplates\x64\debug\charrecogniser.obj
c:\users\copperfield\documents\visual studio 2015\projects\licensplates\x64\debug\main.obj
c:\users\copperfield\documents\visual studio 2015\projects\licensplates\x64\debug\platecandidate.obj
c:\users\copperfield\documents\visual studio 2015\projects\licensplates\x64\debug\platefinder.obj
c:\users\copperfield\documents\visual studio 2015\projects\licensplates\x64\debug\preparation.obj
c:\users\nullcode\documents\visual studio 2015\projects\licensplatesssource\x64\debug\vc140.pdb
c:\users\nullcode\documents\visual studio 2015\projects\licensplatesssource\x64\debug\vc140.idb
c:\users\copperfield\documents\visual studio 2015\projects\licensplates\x64\debug\licensplates.ilk
c:\users\copperfield\documents\visual studio 2015\projects\licensplates\x64\debug\licensplates.exe
c:\users\copperfield\documents\visual studio 2015\projects\licensplates\x64\debug\licensplates.pdb
c:\users\nullcode\documents\visual studio 2015\projects\licensplatesssource\x64\debug\licensplates.ilk
c:\users\nullcode\documents\visual studio 2015\projects\licensplatesssource\x64\debug\licensplates.pdb
c:\users\nullcode\documents\visual studio 2015\projects\licensplatesssource\x64\debug\charactergroups.xml
c:\users\nullcode\documents\visual studio 2015\projects\licensplatesssource\x64\debug\licensplates.exe
c:\users\nullcode\documents\visual studio 2015\projects\licensplatesssource\x64\debug\licensplates.tlog\cl.command.1.tlog
c:\users\nullcode\documents\visual studio 2015\projects\licensplatesssource\x64\debug\licensplates.tlog\cl.read.1.tlog
c:\users\nullcode\documents\visual studio 2015\projects\licensplatesssource\x64\debug\licensplates.tlog\cl.write.1.tlog
c:\users\nullcode\documents\visual studio 2015\projects\licensplatesssource\x64\debug\licensplates.tlog\link.command.1.tlog
c:\users\nullcode\documents\visual studio 2015\projects\licensplatesssource\x64\debug\licensplates.tlog\link.read.1.tlog
c:\users\nullcode\documents\visual studio 2015\projects\licensplatesssource\x64\debug\licensplates.tlog\link.write.1.tlog
